<?xml version="1.0" encoding="UTF-8"?>
<!-- Generated by org.testng.reporters.JUnitReportReporter -->
<testsuite hostname="Nita" failures="0" tests="1" name="amazonTest.TestClass" time="4.213" errors="0" timestamp="2022-09-07T17:12:01 IST" skipped="0">
  <testcase classname="amazonTest.TestClass" name="verifyname" time="4.213"/>
  <system-out>
    <![CDATA[i am verfying name]]>
  </system-out>
</testsuite> <!-- amazonTest.TestClass -->
