<?xml version="1.0" encoding="UTF-8"?>
<!-- Generated by org.testng.reporters.JUnitReportReporter -->
<testsuite hostname="Nita" failures="0" tests="1" name="TestKite.Kite_Test_Class" time="2.869" errors="0" timestamp="2022-09-03T08:09:55 IST" skipped="0">
  <testcase classname="TestKite.Kite_Test_Class" name="verifyUserID" time="2.869"/>
  <system-out>
    <![CDATA[running verify UserID]]>
  </system-out>
</testsuite> <!-- TestKite.Kite_Test_Class -->
