<?xml version="1.0" encoding="UTF-8"?>
<!-- Generated by org.testng.reporters.JUnitReportReporter -->
<testsuite hostname="Nita" failures="0" tests="1" name="infosys.Test_class" time="3.051" errors="0" timestamp="2022-09-02T14:34:24 IST" skipped="0">
  <testcase classname="infosys.Test_class" name="verifyuserID" time="3.051"/>
  <system-out>
    <![CDATA[running verify user id]]>
  </system-out>
</testsuite> <!-- infosys.Test_class -->
